<?xml version="1.0" encoding="UTF-8"?>
<!-- Generated by org.testng.reporters.JUnitReportReporter -->
<testsuite hostname="DESKTOP-ORPS7PB" failures="0" tests="3" name="doctorLogin.DoctorClinicProfile" time="43.542" errors="0" timestamp="2023-09-27T13:21:51 IST" skipped="0">
  <testcase classname="doctorLogin.DoctorClinicProfile" name="Welcome" time="16.638"/>
  <testcase classname="doctorLogin.DoctorClinicProfile" name="ClickClinicProfile" time="8.418"/>
  <testcase classname="doctorLogin.DoctorClinicProfile" name="PerformActions" time="18.486"/>
</testsuite> <!-- doctorLogin.DoctorClinicProfile -->
