<?xml version="1.0" encoding="UTF-8"?>
<!-- Generated by org.testng.reporters.JUnitReportReporter -->
<testsuite hostname="DESKTOP-ORPS7PB" failures="0" tests="1" name="doctorLogin.AppointmentPage" time="17.415" errors="0" timestamp="2023-09-04T10:50:48 IST" skipped="0">
  <testcase classname="doctorLogin.AppointmentPage" name="AppointmentPage" time="17.415"/>
</testsuite> <!-- doctorLogin.AppointmentPage -->
