<?xml version="1.0" encoding="UTF-8"?>
<!-- Generated by org.testng.reporters.JUnitReportReporter -->
<testsuite hostname="DESKTOP-ORPS7PB" failures="0" tests="6" name="doctorLogin.DoctorProfile" time="115.734" errors="0" timestamp="2023-09-27T12:56:23 IST" skipped="0">
  <testcase classname="doctorLogin.DoctorProfile" name="Welcome" time="16.575"/>
  <testcase classname="doctorLogin.DoctorProfile" name="LoginProfilePage" time="8.366"/>
  <testcase classname="doctorLogin.DoctorProfile" name="ChangePassword" time="26.723"/>
  <testcase classname="doctorLogin.DoctorProfile" name="AgainLogin" time="12.337"/>
  <testcase classname="doctorLogin.DoctorProfile" name="AgainLoginProfilepage" time="8.353"/>
  <testcase classname="doctorLogin.DoctorProfile" name="EditDoctorprrofile" time="43.380"/>
</testsuite> <!-- doctorLogin.DoctorProfile -->
