<?xml version="1.0" encoding="UTF-8"?>
<!-- Generated by org.testng.reporters.JUnitReportReporter -->
<testsuite hostname="DESKTOP-ORPS7PB" failures="0" tests="2" name="checkingScripts.DoctorTakeAction" time="0.000" errors="0" timestamp="2023-09-25T12:06:55 IST" skipped="2">
  <testcase classname="checkingScripts.DoctorTakeAction" name="Welcome" time="0.000">
    <skipped/>
  </testcase> <!-- Welcome -->
  <testcase classname="checkingScripts.DoctorTakeAction" name="DoctorDashboardPage" time="0.000">
    <skipped/>
  </testcase> <!-- DoctorDashboardPage -->
</testsuite> <!-- checkingScripts.DoctorTakeAction -->
