<?xml version="1.0" encoding="UTF-8"?>
<!-- Generated by org.testng.reporters.JUnitReportReporter -->
<testsuite hostname="DESKTOP-ORPS7PB" failures="0" tests="3" name="doctorLogin.DoctorAppointmentRequest" time="35.468" errors="0" timestamp="2023-09-27T16:27:08 IST" skipped="0">
  <testcase classname="doctorLogin.DoctorAppointmentRequest" name="Welcome" time="16.576"/>
  <testcase classname="doctorLogin.DoctorAppointmentRequest" name="Appointmentrequest" time="8.437"/>
  <testcase classname="doctorLogin.DoctorAppointmentRequest" name="Approvebutton" time="10.455"/>
</testsuite> <!-- doctorLogin.DoctorAppointmentRequest -->
