<?xml version="1.0" encoding="UTF-8"?>
<!-- Generated by org.testng.reporters.JUnitReportReporter -->
<testsuite hostname="DESKTOP-ORPS7PB" failures="0" tests="3" name="cliniDashboard.ClinicDoctorEditProfile" time="0.001" errors="0" timestamp="2023-09-25T12:06:55 IST" skipped="3">
  <testcase classname="cliniDashboard.ClinicDoctorEditProfile" name="welcome" time="0.000">
    <skipped/>
  </testcase> <!-- welcome -->
  <testcase classname="cliniDashboard.ClinicDoctorEditProfile" name="Managedoctor" time="0.000">
    <skipped/>
  </testcase> <!-- Managedoctor -->
  <testcase classname="cliniDashboard.ClinicDoctorEditProfile" name="DoctorEditProfilePage" time="0.001">
    <skipped/>
  </testcase> <!-- DoctorEditProfilePage -->
</testsuite> <!-- cliniDashboard.ClinicDoctorEditProfile -->
