<?xml version="1.0" encoding="UTF-8"?>
<!-- Generated by org.testng.reporters.JUnitReportReporter -->
<testsuite hostname="DESKTOP-ORPS7PB" failures="0" tests="3" name="cliniDashboard.ClinicApproveButton" time="0.000" errors="0" timestamp="2023-09-25T12:06:55 IST" skipped="3">
  <testcase classname="cliniDashboard.ClinicApproveButton" name="welcome" time="0.000">
    <skipped/>
  </testcase> <!-- welcome -->
  <testcase classname="cliniDashboard.ClinicApproveButton" name="AppointmentRequest" time="0.000">
    <skipped/>
  </testcase> <!-- AppointmentRequest -->
  <testcase classname="cliniDashboard.ClinicApproveButton" name="ClickApproveButton" time="0.000">
    <skipped/>
  </testcase> <!-- ClickApproveButton -->
</testsuite> <!-- cliniDashboard.ClinicApproveButton -->
