<?xml version="1.0" encoding="UTF-8"?>
<!-- Generated by org.testng.reporters.JUnitReportReporter -->
<testsuite hostname="DESKTOP-ORPS7PB" failures="0" tests="5" name="cliniDashboard.ClinicReportsPage" time="0.001" errors="0" timestamp="2023-09-25T12:06:55 IST" skipped="5">
  <testcase classname="cliniDashboard.ClinicReportsPage" name="ClinicReportsPage" time="0.000">
    <skipped/>
  </testcase> <!-- ClinicReportsPage -->
  <testcase classname="cliniDashboard.ClinicReportsPage" name="ClinicOverviewDropdown" time="0.000">
    <skipped/>
  </testcase> <!-- ClinicOverviewDropdown -->
  <testcase classname="cliniDashboard.ClinicReportsPage" name="DoctorOverviewDetails" time="0.000">
    <skipped/>
  </testcase> <!-- DoctorOverviewDetails -->
  <testcase classname="cliniDashboard.ClinicReportsPage" name="AppointmentPageInCR" time="0.001">
    <skipped/>
  </testcase> <!-- AppointmentPageInCR -->
  <testcase classname="cliniDashboard.ClinicReportsPage" name="Logout" time="0.000">
    <skipped/>
  </testcase> <!-- Logout -->
</testsuite> <!-- cliniDashboard.ClinicReportsPage -->
