<?xml version="1.0" encoding="UTF-8"?>
<!-- Generated by org.testng.reporters.JUnitReportReporter -->
<testsuite hostname="DESKTOP-ORPS7PB" failures="0" tests="3" name="cliniDashboard.ClinicManageDoctor" time="0.000" errors="0" timestamp="2023-09-25T12:06:55 IST" skipped="3">
  <testcase classname="cliniDashboard.ClinicManageDoctor" name="welcome" time="0.000">
    <skipped/>
  </testcase> <!-- welcome -->
  <testcase classname="cliniDashboard.ClinicManageDoctor" name="Managedoctor" time="0.000">
    <skipped/>
  </testcase> <!-- Managedoctor -->
  <testcase classname="cliniDashboard.ClinicManageDoctor" name="AddDoctorPage" time="0.000">
    <skipped/>
  </testcase> <!-- AddDoctorPage -->
</testsuite> <!-- cliniDashboard.ClinicManageDoctor -->
