<?xml version="1.0" encoding="UTF-8"?>
<!-- Generated by org.testng.reporters.JUnitReportReporter -->
<testsuite hostname="DESKTOP-ORPS7PB" failures="0" tests="2" name="cliniDashboard.ClinicStartButton" time="0.000" errors="0" timestamp="2023-09-25T12:06:55 IST" skipped="2">
  <testcase classname="cliniDashboard.ClinicStartButton" name="Appointments" time="0.000">
    <skipped/>
  </testcase> <!-- Appointments -->
  <testcase classname="cliniDashboard.ClinicStartButton" name="ClickStartButton" time="0.000">
    <skipped/>
  </testcase> <!-- ClickStartButton -->
</testsuite> <!-- cliniDashboard.ClinicStartButton -->
