<?xml version="1.0" encoding="UTF-8"?>
<!-- Generated by org.testng.reporters.JUnitReportReporter -->
<testsuite hostname="DESKTOP-ORPS7PB" failures="0" tests="1" name="doctorLogin.AppointmentRequest" time="15.496" errors="0" timestamp="2023-09-04T09:39:11 IST" skipped="0">
  <testcase classname="doctorLogin.AppointmentRequest" name="AppointmentRequest" time="15.496"/>
</testsuite> <!-- doctorLogin.AppointmentRequest -->
