<?xml version="1.0" encoding="UTF-8"?>
<!-- Generated by org.testng.reporters.JUnitReportReporter -->
<testsuite hostname="DESKTOP-ORPS7PB" failures="0" tests="3" name="doctorLogin.DoctorProposeNewTime" time="49.667" errors="0" timestamp="2023-09-27T13:09:29 IST" skipped="0">
  <testcase classname="doctorLogin.DoctorProposeNewTime" name="Welcome" time="16.616"/>
  <testcase classname="doctorLogin.DoctorProposeNewTime" name="Appointmentrequest" time="8.429"/>
  <testcase classname="doctorLogin.DoctorProposeNewTime" name="ProposeNewTime" time="24.622"/>
</testsuite> <!-- doctorLogin.DoctorProposeNewTime -->
