<?xml version="1.0" encoding="UTF-8"?>
<!-- Generated by org.testng.reporters.JUnitReportReporter -->
<testsuite hostname="DESKTOP-ORPS7PB" failures="0" tests="3" name="doctorLogin.DoctorApprovebutton" time="41.496" errors="0" timestamp="2023-09-27T16:28:20 IST" skipped="0">
  <testcase classname="doctorLogin.DoctorApprovebutton" name="Welcome" time="16.644"/>
  <testcase classname="doctorLogin.DoctorApprovebutton" name="Appointmentrequest" time="8.421"/>
  <testcase classname="doctorLogin.DoctorApprovebutton" name="rejectButton" time="16.431"/>
</testsuite> <!-- doctorLogin.DoctorApprovebutton -->
