<?xml version="1.0" encoding="UTF-8"?>
<!-- Generated by org.testng.reporters.JUnitReportReporter -->
<testsuite hostname="DESKTOP-ORPS7PB" failures="0" tests="6" name="cliniDashboard.ClinicProfilePage1" time="0.000" errors="0" timestamp="2023-09-25T12:06:55 IST" skipped="6">
  <testcase classname="cliniDashboard.ClinicProfilePage1" name="welcome" time="0.000">
    <skipped/>
  </testcase> <!-- welcome -->
  <testcase classname="cliniDashboard.ClinicProfilePage1" name="ClinicprofilePage1" time="0.000">
    <skipped/>
  </testcase> <!-- ClinicprofilePage1 -->
  <testcase classname="cliniDashboard.ClinicProfilePage1" name="EditTimingPage" time="0.000">
    <skipped/>
  </testcase> <!-- EditTimingPage -->
  <testcase classname="cliniDashboard.ClinicProfilePage1" name="Editprofile" time="0.000">
    <skipped/>
  </testcase> <!-- Editprofile -->
  <testcase classname="cliniDashboard.ClinicProfilePage1" name="Editconfiguration" time="0.000">
    <skipped/>
  </testcase> <!-- Editconfiguration -->
  <testcase classname="cliniDashboard.ClinicProfilePage1" name="Manageleaveoption" time="0.000">
    <skipped/>
  </testcase> <!-- Manageleaveoption -->
</testsuite> <!-- cliniDashboard.ClinicProfilePage1 -->
