<?xml version="1.0" encoding="UTF-8"?>
<!-- Generated by org.testng.reporters.JUnitReportReporter -->
<testsuite hostname="DESKTOP-ORPS7PB" failures="0" tests="1" name="webProjects.TestDoctor" time="14.899" errors="0" timestamp="2023-09-04T11:16:44 IST" skipped="0">
  <testcase classname="webProjects.TestDoctor" name="WelcomePage" time="14.899"/>
</testsuite> <!-- webProjects.TestDoctor -->
