<?xml version="1.0" encoding="UTF-8"?>
<!-- Generated by org.testng.reporters.JUnitReportReporter -->
<testsuite hostname="DESKTOP-ORPS7PB" failures="0" tests="1" name="cliniDashboard.ClinicLoginToast" time="6.788" errors="0" timestamp="2023-09-22T11:58:55 IST" skipped="0">
  <testcase classname="cliniDashboard.ClinicLoginToast" name="welcome" time="6.788"/>
</testsuite> <!-- cliniDashboard.ClinicLoginToast -->
